#
# There is insufficient memory for the Java Runtime Environment to continue.
# Native memory allocation (mmap) failed to map 65536 bytes for Failed to commit metaspace.
# Possible reasons:
#   The system is out of physical RAM or swap space
#   The process is running with CompressedOops enabled, and the Java Heap may be blocking the growth of the native heap
# Possible solutions:
#   Reduce memory load on the system
#   Increase physical memory or swap space
#   Check if swap backing store is full
#   Decrease Java heap size (-Xmx/-Xms)
#   Decrease number of Java threads
#   Decrease Java thread stack sizes (-Xss)
#   Set larger code cache with -XX:ReservedCodeCacheSize=
#   JVM is running with Unscaled Compressed Oops mode in which the Java heap is
#     placed in the first 4GB address space. The Java Heap base address is the
#     maximum limit for the native heap growth. Please use -XX:HeapBaseMinAddress
#     to set the Java Heap base and to place the Java Heap above 4GB virtual address.
# This output file may be truncated or incomplete.
#
#  Out of Memory Error (virtualSpaceNode.cpp:110), pid=17548, tid=284
#
# JRE version: OpenJDK Runtime Environment Corretto-17.0.8.8.1 (17.0.8.1+8) (build 17.0.8.1+8-LTS)
# Java VM: OpenJDK 64-Bit Server VM Corretto-17.0.8.8.1 (17.0.8.1+8-LTS, mixed mode, emulated-client, tiered, compressed oops, compressed class ptrs, g1 gc, windows-amd64)
# No core dump will be written. Minidumps are not enabled by default on client versions of Windows
#

---------------  S U M M A R Y ------------

Command Line: -XX:TieredStopAtLevel=1 -Dspring.output.ansi.enabled=always -Dcom.sun.management.jmxremote -Dspring.jmx.enabled=true -Dspring.liveBeansView.mbeanDomain -Dspring.application.admin.enabled=true -Dmanagement.endpoints.jmx.exposure.include=* -javaagent:C:\Program Files\JetBrains\IntelliJ IDEA 2023.1.3\lib\idea_rt.jar=7664:C:\Program Files\JetBrains\IntelliJ IDEA 2023.1.3\bin -Dfile.encoding=UTF-8 lk.nextTravel.travelService.TravelService.TravelServiceApplication

Host: 11th Gen Intel(R) Core(TM) i3-1115G4 @ 3.00GHz, 4 cores, 3G,  Windows 10 , 64 bit Build 18362 (10.0.18362.329)
Time: Sun Nov  5 02:38:30 2023 Sri Lanka Standard Time elapsed time: 0.197082 seconds (0d 0h 0m 0s)

---------------  T H R E A D  ---------------

Current thread (0x00000255f9494920):  JavaThread "main" [_thread_in_vm, id=284, stack(0x000000df0d700000,0x000000df0d800000)]

Stack: [0x000000df0d700000,0x000000df0d800000]
Native frames: (J=compiled Java code, j=interpreted, Vv=VM code, C=native code)
V  [jvm.dll+0x64c9da]
V  [jvm.dll+0x800834]
V  [jvm.dll+0x801fee]
V  [jvm.dll+0x802643]
V  [jvm.dll+0x23715b]
V  [jvm.dll+0x7fc8fb]
V  [jvm.dll+0x5f3916]
V  [jvm.dll+0x1b61be]
V  [jvm.dll+0x5f6164]
V  [jvm.dll+0x5f42cd]
V  [jvm.dll+0x6045e9]
V  [jvm.dll+0x5fdb1e]
V  [jvm.dll+0x36d281]
C  0x00000255f954c294

Java frames: (J=compiled Java code, j=interpreted, Vv=VM code)
j  java.lang.invoke.InvokerBytecodeGenerator.classData(Ljava/lang/Object;)Ljava/lang/String;+0 java.base@17.0.8.1
j  java.lang.invoke.InvokerBytecodeGenerator.addMethod()V+70 java.base@17.0.8.1
j  java.lang.invoke.InvokerBytecodeGenerator.generateCustomizedCodeBytes()[B+6 java.base@17.0.8.1
j  java.lang.invoke.InvokerBytecodeGenerator.generateCustomizedCode(Ljava/lang/invoke/LambdaForm;Ljava/lang/invoke/MethodType;)Ljava/lang/invoke/MemberName;+27 java.base@17.0.8.1
j  java.lang.invoke.LambdaForm.compileToBytecode()V+69 java.base@17.0.8.1
j  java.lang.invoke.LambdaForm.prepare()V+21 java.base@17.0.8.1
j  java.lang.invoke.MethodHandle.<init>(Ljava/lang/invoke/MethodType;Ljava/lang/invoke/LambdaForm;)V+33 java.base@17.0.8.1
j  java.lang.invoke.BoundMethodHandle.<init>(Ljava/lang/invoke/MethodType;Ljava/lang/invoke/LambdaForm;)V+3 java.base@17.0.8.1
j  java.lang.invoke.BoundMethodHandle$Species_L.<init>(Ljava/lang/invoke/MethodType;Ljava/lang/invoke/LambdaForm;Ljava/lang/Object;)V+3 java.base@17.0.8.1
j  java.lang.invoke.BoundMethodHandle$Species_L.make(Ljava/lang/invoke/MethodType;Ljava/lang/invoke/LambdaForm;Ljava/lang/Object;)Ljava/lang/invoke/BoundMethodHandle;+7 java.base@17.0.8.1
j  java.lang.invoke.BoundMethodHandle.bindSingle(Ljava/lang/invoke/MethodType;Ljava/lang/invoke/LambdaForm;Ljava/lang/Object;)Ljava/lang/invoke/BoundMethodHandle;+3 java.base@17.0.8.1
j  java.lang.invoke.SimpleMethodHandle.copyWithExtendL(Ljava/lang/invoke/MethodType;Ljava/lang/invoke/LambdaForm;Ljava/lang/Object;)Ljava/lang/invoke/BoundMethodHandle;+3 java.base@17.0.8.1
j  java.lang.invoke.LambdaFormEditor.bindArgumentL(Ljava/lang/invoke/BoundMethodHandle;ILjava/lang/Object;)Ljava/lang/invoke/BoundMethodHandle;+55 java.base@17.0.8.1
j  java.lang.invoke.BoundMethodHandle.bindArgumentL(ILjava/lang/Object;)Ljava/lang/invoke/BoundMethodHandle;+7 java.base@17.0.8.1
j  java.lang.invoke.MethodHandle.bindArgumentL(ILjava/lang/Object;)Ljava/lang/invoke/BoundMethodHandle;+6 java.base@17.0.8.1
j  java.lang.invoke.MethodHandle.bindTo(Ljava/lang/Object;)Ljava/lang/invoke/MethodHandle;+15 java.base@17.0.8.1
j  java.lang.invoke.MethodHandles.constant(Ljava/lang/Class;Ljava/lang/Object;)Ljava/lang/invoke/MethodHandle;+84 java.base@17.0.8.1
j  java.lang.invoke.InnerClassLambdaMetafactory.buildCallSite()Ljava/lang/invoke/CallSite;+140 java.base@17.0.8.1
j  java.lang.invoke.LambdaMetafactory.metafactory(Ljava/lang/invoke/MethodHandles$Lookup;Ljava/lang/String;Ljava/lang/invoke/MethodType;Ljava/lang/invoke/MethodType;Ljava/lang/invoke/MethodHandle;Ljava/lang/invoke/MethodType;)Ljava/lang/invoke/CallSite;+67 java.base@17.0.8.1
j  java.lang.invoke.DirectMethodHandle$Holder.invokeStatic(Ljava/lang/Object;Ljava/lang/Object;Ljava/lang/Object;Ljava/lang/Object;Ljava/lang/Object;Ljava/lang/Object;Ljava/lang/Object;)Ljava/lang/Object;+20 java.base@17.0.8.1
j  java.lang.invoke.Invokers$Holder.invokeExact_MT(Ljava/lang/Object;Ljava/lang/Object;Ljava/lang/Object;Ljava/lang/Object;Ljava/lang/Object;Ljava/lang/Object;Ljava/lang/Object;Ljava/lang/Object;)Ljava/lang/Object;+28 java.base@17.0.8.1
j  java.lang.invoke.BootstrapMethodInvoker.invoke(Ljava/lang/Class;Ljava/lang/invoke/MethodHandle;Ljava/lang/String;Ljava/lang/Object;Ljava/lang/Object;Ljava/lang/Class;)Ljava/lang/Object;+319 java.base@17.0.8.1
j  java.lang.invoke.CallSite.makeSite(Ljava/lang/invoke/MethodHandle;Ljava/lang/String;Ljava/lang/invoke/MethodType;Ljava/lang/Object;Ljava/lang/Class;)Ljava/lang/invoke/CallSite;+8 java.base@17.0.8.1
j  java.lang.invoke.MethodHandleNatives.linkCallSiteImpl(Ljava/lang/Class;Ljava/lang/invoke/MethodHandle;Ljava/lang/String;Ljava/lang/invoke/MethodType;Ljava/lang/Object;[Ljava/lang/Object;)Ljava/lang/invoke/MemberName;+6 java.base@17.0.8.1
j  java.lang.invoke.MethodHandleNatives.linkCallSite(Ljava/lang/Object;ILjava/lang/Object;Ljava/lang/Object;Ljava/lang/Object;Ljava/lang/Object;[Ljava/lang/Object;)Ljava/lang/invoke/MemberName;+46 java.base@17.0.8.1
v  ~StubRoutines::call_stub
j  jdk.internal.module.DefaultRoots.compute(Ljava/lang/module/ModuleFinder;Ljava/lang/module/ModuleFinder;)Ljava/util/Set;+11 java.base@17.0.8.1
j  jdk.internal.module.ModuleBootstrap.boot2()Ljava/lang/ModuleLayer;+727 java.base@17.0.8.1
j  jdk.internal.module.ModuleBootstrap.boot()Ljava/lang/ModuleLayer;+64 java.base@17.0.8.1
j  java.lang.System.initPhase2(ZZ)I+0 java.base@17.0.8.1
v  ~StubRoutines::call_stub

---------------  P R O C E S S  ---------------

Threads class SMR info:
_java_thread_list=0x000002558e0203e0, length=9, elements={
0x00000255f9494920, 0x0000025589bd2e50, 0x0000025589bd5ab0, 0x0000025589c28270,
0x0000025589c28c30, 0x0000025589c295f0, 0x0000025589c16fb0, 0x0000025589c17a20,
0x000002558e0215f0
}

Java Threads: ( => current thread )
=>0x00000255f9494920 JavaThread "main" [_thread_in_vm, id=284, stack(0x000000df0d700000,0x000000df0d800000)]
  0x0000025589bd2e50 JavaThread "Reference Handler" daemon [_thread_blocked, id=15652, stack(0x000000df0de00000,0x000000df0df00000)]
  0x0000025589bd5ab0 JavaThread "Finalizer" daemon [_thread_blocked, id=3196, stack(0x000000df0df00000,0x000000df0e000000)]
  0x0000025589c28270 JavaThread "Signal Dispatcher" daemon [_thread_blocked, id=6088, stack(0x000000df0e000000,0x000000df0e100000)]
  0x0000025589c28c30 JavaThread "Attach Listener" daemon [_thread_blocked, id=7940, stack(0x000000df0e100000,0x000000df0e200000)]
  0x0000025589c295f0 JavaThread "Service Thread" daemon [_thread_blocked, id=16724, stack(0x000000df0e200000,0x000000df0e300000)]
  0x0000025589c16fb0 JavaThread "Monitor Deflation Thread" daemon [_thread_blocked, id=3076, stack(0x000000df0e300000,0x000000df0e400000)]
  0x0000025589c17a20 JavaThread "C1 CompilerThread0" daemon [_thread_blocked, id=13304, stack(0x000000df0e400000,0x000000df0e500000)]
  0x000002558e0215f0 JavaThread "Sweeper thread" daemon [_thread_blocked, id=16300, stack(0x000000df0e500000,0x000000df0e600000)]

Other Threads:
  0x0000025589bcead0 VMThread "VM Thread" [stack: 0x000000df0dd00000,0x000000df0de00000] [id=3008]
  0x00000255f94cf2b0 GCTaskThread "GC Thread#0" [stack: 0x000000df0d800000,0x000000df0d900000] [id=3700]
  0x00000255f94d78c0 ConcurrentGCThread "G1 Main Marker" [stack: 0x000000df0d900000,0x000000df0da00000] [id=11784]
  0x00000255f94d89e0 ConcurrentGCThread "G1 Conc#0" [stack: 0x000000df0da00000,0x000000df0db00000] [id=19376]
  0x00000255f95197e0 ConcurrentGCThread "G1 Refine#0" [stack: 0x000000df0db00000,0x000000df0dc00000] [id=904]
  0x00000255f951b120 ConcurrentGCThread "G1 Service" [stack: 0x000000df0dc00000,0x000000df0dd00000] [id=5948]

Threads with active compile tasks:

VM state: not at safepoint (normal execution)

VM Mutex/Monitor currently owned by a thread:  ([mutex/lock_event])
[0x00000255f94914f0] Metaspace_lock - owner thread: 0x00000255f9494920

Heap address: 0x00000000c4200000, size: 958 MB, Compressed Oops mode: 32-bit

CDS archive(s) not mapped
Compressed class space mapped at: 0x0000000100000000-0x0000000140000000, reserved size: 1073741824
Narrow klass base: 0x0000000000000000, Narrow klass shift: 3, Narrow klass range: 0x140000000

GC Precious Log:
 CPUs: 4 total, 4 available
 Memory: 3830M
 Large Page Support: Disabled
 NUMA Support: Disabled
 Compressed Oops: Enabled (32-bit)
 Heap Region Size: 1M
 Heap Min Capacity: 8M
 Heap Initial Capacity: 60M
 Heap Max Capacity: 958M
 Pre-touch: Disabled
 Parallel Workers: 4
 Concurrent Workers: 1
 Concurrent Refinement Workers: 4
 Periodic GC: Disabled

Heap:
 garbage-first heap   total 61440K, used 1024K [0x00000000c4200000, 0x0000000100000000)
  region size 1024K, 2 young (2048K), 0 survivors (0K)
 Metaspace       used 4432K, committed 4480K, reserved 1114112K
  class space    used 336K, committed 384K, reserved 1048576K

Heap Regions: E=young(eden), S=young(survivor), O=old, HS=humongous(starts), HC=humongous(continues), CS=collection set, F=free, OA=open archive, CA=closed archive, TAMS=top-at-mark-start (previous, next)
|   0|0x00000000c4200000, 0x00000000c4200000, 0x00000000c4300000|  0%| F|  |TAMS 0x00000000c4200000, 0x00000000c4200000| Untracked 
|   1|0x00000000c4300000, 0x00000000c4300000, 0x00000000c4400000|  0%| F|  |TAMS 0x00000000c4300000, 0x00000000c4300000| Untracked 
|   2|0x00000000c4400000, 0x00000000c4400000, 0x00000000c4500000|  0%| F|  |TAMS 0x00000000c4400000, 0x00000000c4400000| Untracked 
|   3|0x00000000c4500000, 0x00000000c4500000, 0x00000000c4600000|  0%| F|  |TAMS 0x00000000c4500000, 0x00000000c4500000| Untracked 
|   4|0x00000000c4600000, 0x00000000c4600000, 0x00000000c4700000|  0%| F|  |TAMS 0x00000000c4600000, 0x00000000c4600000| Untracked 
|   5|0x00000000c4700000, 0x00000000c4700000, 0x00000000c4800000|  0%| F|  |TAMS 0x00000000c4700000, 0x00000000c4700000| Untracked 
|   6|0x00000000c4800000, 0x00000000c4800000, 0x00000000c4900000|  0%| F|  |TAMS 0x00000000c4800000, 0x00000000c4800000| Untracked 
|   7|0x00000000c4900000, 0x00000000c4900000, 0x00000000c4a00000|  0%| F|  |TAMS 0x00000000c4900000, 0x00000000c4900000| Untracked 
|   8|0x00000000c4a00000, 0x00000000c4a00000, 0x00000000c4b00000|  0%| F|  |TAMS 0x00000000c4a00000, 0x00000000c4a00000| Untracked 
|   9|0x00000000c4b00000, 0x00000000c4b00000, 0x00000000c4c00000|  0%| F|  |TAMS 0x00000000c4b00000, 0x00000000c4b00000| Untracked 
|  10|0x00000000c4c00000, 0x00000000c4c00000, 0x00000000c4d00000|  0%| F|  |TAMS 0x00000000c4c00000, 0x00000000c4c00000| Untracked 
|  11|0x00000000c4d00000, 0x00000000c4d00000, 0x00000000c4e00000|  0%| F|  |TAMS 0x00000000c4d00000, 0x00000000c4d00000| Untracked 
|  12|0x00000000c4e00000, 0x00000000c4e00000, 0x00000000c4f00000|  0%| F|  |TAMS 0x00000000c4e00000, 0x00000000c4e00000| Untracked 
|  13|0x00000000c4f00000, 0x00000000c4f00000, 0x00000000c5000000|  0%| F|  |TAMS 0x00000000c4f00000, 0x00000000c4f00000| Untracked 
|  14|0x00000000c5000000, 0x00000000c5000000, 0x00000000c5100000|  0%| F|  |TAMS 0x00000000c5000000, 0x00000000c5000000| Untracked 
|  15|0x00000000c5100000, 0x00000000c5100000, 0x00000000c5200000|  0%| F|  |TAMS 0x00000000c5100000, 0x00000000c5100000| Untracked 
|  16|0x00000000c5200000, 0x00000000c5200000, 0x00000000c5300000|  0%| F|  |TAMS 0x00000000c5200000, 0x00000000c5200000| Untracked 
|  17|0x00000000c5300000, 0x00000000c5300000, 0x00000000c5400000|  0%| F|  |TAMS 0x00000000c5300000, 0x00000000c5300000| Untracked 
|  18|0x00000000c5400000, 0x00000000c5400000, 0x00000000c5500000|  0%| F|  |TAMS 0x00000000c5400000, 0x00000000c5400000| Untracked 
|  19|0x00000000c5500000, 0x00000000c5500000, 0x00000000c5600000|  0%| F|  |TAMS 0x00000000c5500000, 0x00000000c5500000| Untracked 
|  20|0x00000000c5600000, 0x00000000c5600000, 0x00000000c5700000|  0%| F|  |TAMS 0x00000000c5600000, 0x00000000c5600000| Untracked 
|  21|0x00000000c5700000, 0x00000000c5700000, 0x00000000c5800000|  0%| F|  |TAMS 0x00000000c5700000, 0x00000000c5700000| Untracked 
|  22|0x00000000c5800000, 0x00000000c5800000, 0x00000000c5900000|  0%| F|  |TAMS 0x00000000c5800000, 0x00000000c5800000| Untracked 
|  23|0x00000000c5900000, 0x00000000c5900000, 0x00000000c5a00000|  0%| F|  |TAMS 0x00000000c5900000, 0x00000000c5900000| Untracked 
|  24|0x00000000c5a00000, 0x00000000c5a00000, 0x00000000c5b00000|  0%| F|  |TAMS 0x00000000c5a00000, 0x00000000c5a00000| Untracked 
|  25|0x00000000c5b00000, 0x00000000c5b00000, 0x00000000c5c00000|  0%| F|  |TAMS 0x00000000c5b00000, 0x00000000c5b00000| Untracked 
|  26|0x00000000c5c00000, 0x00000000c5c00000, 0x00000000c5d00000|  0%| F|  |TAMS 0x00000000c5c00000, 0x00000000c5c00000| Untracked 
|  27|0x00000000c5d00000, 0x00000000c5d00000, 0x00000000c5e00000|  0%| F|  |TAMS 0x00000000c5d00000, 0x00000000c5d00000| Untracked 
|  28|0x00000000c5e00000, 0x00000000c5e00000, 0x00000000c5f00000|  0%| F|  |TAMS 0x00000000c5e00000, 0x00000000c5e00000| Untracked 
|  29|0x00000000c5f00000, 0x00000000c5f00000, 0x00000000c6000000|  0%| F|  |TAMS 0x00000000c5f00000, 0x00000000c5f00000| Untracked 
|  30|0x00000000c6000000, 0x00000000c6000000, 0x00000000c6100000|  0%| F|  |TAMS 0x00000000c6000000, 0x00000000c6000000| Untracked 
|  31|0x00000000c6100000, 0x00000000c6100000, 0x00000000c6200000|  0%| F|  |TAMS 0x00000000c6100000, 0x00000000c6100000| Untracked 
|  32|0x00000000c6200000, 0x00000000c6200000, 0x00000000c6300000|  0%| F|  |TAMS 0x00000000c6200000, 0x00000000c6200000| Untracked 
|  33|0x00000000c6300000, 0x00000000c6300000, 0x00000000c6400000|  0%| F|  |TAMS 0x00000000c6300000, 0x00000000c6300000| Untracked 
|  34|0x00000000c6400000, 0x00000000c6400000, 0x00000000c6500000|  0%| F|  |TAMS 0x00000000c6400000, 0x00000000c6400000| Untracked 
|  35|0x00000000c6500000, 0x00000000c6500000, 0x00000000c6600000|  0%| F|  |TAMS 0x00000000c6500000, 0x00000000c6500000| Untracked 
|  36|0x00000000c6600000, 0x00000000c6600000, 0x00000000c6700000|  0%| F|  |TAMS 0x00000000c6600000, 0x00000000c6600000| Untracked 
|  37|0x00000000c6700000, 0x00000000c6700000, 0x00000000c6800000|  0%| F|  |TAMS 0x00000000c6700000, 0x00000000c6700000| Untracked 
|  38|0x00000000c6800000, 0x00000000c6800000, 0x00000000c6900000|  0%| F|  |TAMS 0x00000000c6800000, 0x00000000c6800000| Untracked 
|  39|0x00000000c6900000, 0x00000000c6900000, 0x00000000c6a00000|  0%| F|  |TAMS 0x00000000c6900000, 0x00000000c6900000| Untracked 
|  40|0x00000000c6a00000, 0x00000000c6a00000, 0x00000000c6b00000|  0%| F|  |TAMS 0x00000000c6a00000, 0x00000000c6a00000| Untracked 
|  41|0x00000000c6b00000, 0x00000000c6b00000, 0x00000000c6c00000|  0%| F|  |TAMS 0x00000000c6b00000, 0x00000000c6b00000| Untracked 
|  42|0x00000000c6c00000, 0x00000000c6c00000, 0x00000000c6d00000|  0%| F|  |TAMS 0x00000000c6c00000, 0x00000000c6c00000| Untracked 
|  43|0x00000000c6d00000, 0x00000000c6d00000, 0x00000000c6e00000|  0%| F|  |TAMS 0x00000000c6d00000, 0x00000000c6d00000| Untracked 
|  44|0x00000000c6e00000, 0x00000000c6e00000, 0x00000000c6f00000|  0%| F|  |TAMS 0x00000000c6e00000, 0x00000000c6e00000| Untracked 
|  45|0x00000000c6f00000, 0x00000000c6f00000, 0x00000000c7000000|  0%| F|  |TAMS 0x00000000c6f00000, 0x00000000c6f00000| Untracked 
|  46|0x00000000c7000000, 0x00000000c7000000, 0x00000000c7100000|  0%| F|  |TAMS 0x00000000c7000000, 0x00000000c7000000| Untracked 
|  47|0x00000000c7100000, 0x00000000c7100000, 0x00000000c7200000|  0%| F|  |TAMS 0x00000000c7100000, 0x00000000c7100000| Untracked 
|  48|0x00000000c7200000, 0x00000000c7200000, 0x00000000c7300000|  0%| F|  |TAMS 0x00000000c7200000, 0x00000000c7200000| Untracked 
|  49|0x00000000c7300000, 0x00000000c7300000, 0x00000000c7400000|  0%| F|  |TAMS 0x00000000c7300000, 0x00000000c7300000| Untracked 
|  50|0x00000000c7400000, 0x00000000c7400000, 0x00000000c7500000|  0%| F|  |TAMS 0x00000000c7400000, 0x00000000c7400000| Untracked 
|  51|0x00000000c7500000, 0x00000000c7500000, 0x00000000c7600000|  0%| F|  |TAMS 0x00000000c7500000, 0x00000000c7500000| Untracked 
|  52|0x00000000c7600000, 0x00000000c7600000, 0x00000000c7700000|  0%| F|  |TAMS 0x00000000c7600000, 0x00000000c7600000| Untracked 
|  53|0x00000000c7700000, 0x00000000c7700000, 0x00000000c7800000|  0%| F|  |TAMS 0x00000000c7700000, 0x00000000c7700000| Untracked 
|  54|0x00000000c7800000, 0x00000000c7800000, 0x00000000c7900000|  0%| F|  |TAMS 0x00000000c7800000, 0x00000000c7800000| Untracked 
|  55|0x00000000c7900000, 0x00000000c7900000, 0x00000000c7a00000|  0%| F|  |TAMS 0x00000000c7900000, 0x00000000c7900000| Untracked 
|  56|0x00000000c7a00000, 0x00000000c7a00000, 0x00000000c7b00000|  0%| F|  |TAMS 0x00000000c7a00000, 0x00000000c7a00000| Untracked 
|  57|0x00000000c7b00000, 0x00000000c7b00000, 0x00000000c7c00000|  0%| F|  |TAMS 0x00000000c7b00000, 0x00000000c7b00000| Untracked 
|  58|0x00000000c7c00000, 0x00000000c7c00800, 0x00000000c7d00000|  0%| E|  |TAMS 0x00000000c7c00000, 0x00000000c7c00000| Complete 
|  59|0x00000000c7d00000, 0x00000000c7e00000, 0x00000000c7e00000|100%| E|CS|TAMS 0x00000000c7d00000, 0x00000000c7d00000| Complete 

Card table byte_map: [0x00000255f9260000,0x00000255f9440000] _byte_map_base: 0x00000255f8c3f000

Marking Bits (Prev, Next): (CMBitMap*) 0x00000255f94cf7d0, (CMBitMap*) 0x00000255f94cf810
 Prev Bits: [0x00000255fc720000, 0x00000255fd618000)
 Next Bits: [0x00000255fd620000, 0x00000255fe518000)

Polling page: 0x00000255f73f0000

Metaspace:

Usage:
  Non-class:      4.00 MB used.
      Class:    336.40 KB used.
       Both:      4.33 MB used.

Virtual space:
  Non-class space:       64.00 MB reserved,       4.00 MB (  6%) committed,  1 nodes.
      Class space:        1.00 GB reserved,     384.00 KB ( <1%) committed,  1 nodes.
             Both:        1.06 GB reserved,       4.38 MB ( <1%) committed. 

Chunk freelists:
   Non-Class:  11.00 MB
       Class:  15.62 MB
        Both:  26.62 MB

MaxMetaspaceSize: unlimited
CompressedClassSpaceSize: 1.00 GB
Initial GC threshold: 21.00 MB
Current GC threshold: 21.00 MB
CDS: off
MetaspaceReclaimPolicy: balanced
 - commit_granule_bytes: 65536.
 - commit_granule_words: 8192.
 - virtual_space_node_default_size: 8388608.
 - enlarge_chunks_in_place: 1.
 - new_chunks_are_fully_committed: 0.
 - uncommit_free_chunks: 1.
 - use_allocation_guard: 0.
 - handle_deallocations: 1.


Internal statistics:

num_allocs_failed_limit: 0.
num_arena_births: 2.
num_arena_deaths: 0.
num_vsnodes_births: 2.
num_vsnodes_deaths: 0.
num_space_committed: 70.
num_space_uncommitted: 0.
num_chunks_returned_to_freelist: 0.
num_chunks_taken_from_freelist: 4.
num_chunk_merges: 0.
num_chunk_splits: 3.
num_chunks_enlarged: 0.
num_inconsistent_stats: 0.

CodeCache: size=49152Kb used=1119Kb max_used=1119Kb free=48032Kb
 bounds [0x00000255f9540000, 0x00000255f97b0000, 0x00000255fc540000]
 total_blobs=379 nmethods=57 adapters=250
 compilation: enabled
              stopped_count=0, restarted_count=0
 full_count=0

Compilation events (20 events):
Event: 0.150 Thread 0x0000025589c17a20   37       1       java.util.concurrent.ConcurrentHashMap::tabAt (22 bytes)
Event: 0.150 Thread 0x0000025589c17a20 nmethod 37 0x00000255f9648290 code [0x00000255f9648420, 0x00000255f9648538]
Event: 0.150 Thread 0x0000025589c17a20   38       1       jdk.internal.misc.Unsafe::getReferenceAcquire (7 bytes)
Event: 0.150 Thread 0x0000025589c17a20 nmethod 38 0x00000255f9648610 code [0x00000255f96487a0, 0x00000255f96488b8]
Event: 0.150 Thread 0x0000025589c17a20   41       1       java.util.ImmutableCollections$SetN$SetNIterator::next (90 bytes)
Event: 0.151 Thread 0x0000025589c17a20 nmethod 41 0x00000255f9648910 code [0x00000255f9648ac0, 0x00000255f9648c68]
Event: 0.151 Thread 0x0000025589c17a20   40       1       java.util.concurrent.ConcurrentHashMap::spread (10 bytes)
Event: 0.151 Thread 0x0000025589c17a20 nmethod 40 0x00000255f9648d90 code [0x00000255f9648f20, 0x00000255f9648fd8]
Event: 0.168 Thread 0x0000025589c17a20   43       1       java.lang.Enum::ordinal (5 bytes)
Event: 0.168 Thread 0x0000025589c17a20 nmethod 43 0x00000255f964d910 code [0x00000255f964daa0, 0x00000255f964db78]
Event: 0.173 Thread 0x0000025589c17a20   46       1       java.util.concurrent.ConcurrentHashMap::addCount (280 bytes)
Event: 0.174 Thread 0x0000025589c17a20 nmethod 46 0x00000255f964ea10 code [0x00000255f964ec00, 0x00000255f964f088]
Event: 0.174 Thread 0x0000025589c17a20   48   !   1       java.util.concurrent.ConcurrentHashMap::putVal (432 bytes)
Event: 0.176 Thread 0x0000025589c17a20 nmethod 48 0x00000255f964fc10 code [0x00000255f964fea0, 0x00000255f9650e38]
Event: 0.176 Thread 0x0000025589c17a20   49       1       java.util.concurrent.ConcurrentHashMap$Node::<init> (20 bytes)
Event: 0.176 Thread 0x0000025589c17a20 nmethod 49 0x00000255f9651610 code [0x00000255f96517a0, 0x00000255f9651918]
Event: 0.177 Thread 0x0000025589c17a20   52       1       java.lang.String::<init> (15 bytes)
Event: 0.178 Thread 0x0000025589c17a20 nmethod 52 0x00000255f9651f90 code [0x00000255f9652120, 0x00000255f9652238]
Event: 0.188 Thread 0x0000025589c17a20   54       1       java.lang.Class::getClassLoader0 (5 bytes)
Event: 0.188 Thread 0x0000025589c17a20 nmethod 54 0x00000255f9656290 code [0x00000255f9656420, 0x00000255f96564f8]

GC Heap History (0 events):
No events

Dll operation events (2 events):
Event: 0.011 Loaded shared library C:\Users\My Plus\.jdks\corretto-17.0.8.1\bin\java.dll
Event: 0.054 Loaded shared library C:\Users\My Plus\.jdks\corretto-17.0.8.1\bin\jsvml.dll

Deoptimization events (0 events):
No events

Classes unloaded (0 events):
No events

Classes redefined (0 events):
No events

Internal exceptions (0 events):
No events

VM Operations (0 events):
No events

Events (20 events):
Event: 0.191 loading class java/lang/invoke/DirectMethodHandle$Accessor
Event: 0.191 loading class java/lang/invoke/DirectMethodHandle$Accessor done
Event: 0.191 loading class java/lang/invoke/MethodHandleImpl$IntrinsicMethodHandle
Event: 0.192 loading class java/lang/invoke/DelegatingMethodHandle
Event: 0.192 loading class java/lang/invoke/DelegatingMethodHandle done
Event: 0.192 loading class java/lang/invoke/MethodHandleImpl$IntrinsicMethodHandle done
Event: 0.192 loading class java/lang/invoke/DelegatingMethodHandle$Holder
Event: 0.192 loading class java/lang/invoke/DelegatingMethodHandle$Holder done
Event: 0.192 loading class sun/invoke/util/Wrapper$1
Event: 0.192 loading class sun/invoke/util/Wrapper$1 done
Event: 0.192 loading class java/lang/invoke/LambdaFormEditor
Event: 0.193 loading class java/lang/invoke/LambdaFormEditor done
Event: 0.193 loading class java/lang/invoke/LambdaFormEditor$TransformKey
Event: 0.193 loading class java/lang/invoke/LambdaFormEditor$TransformKey done
Event: 0.193 loading class java/lang/invoke/LambdaFormBuffer
Event: 0.193 loading class java/lang/invoke/LambdaFormBuffer done
Event: 0.193 loading class java/lang/invoke/LambdaFormEditor$Transform
Event: 0.193 loading class java/lang/invoke/LambdaFormEditor$Transform done
Event: 0.194 loading class jdk/internal/org/objectweb/asm/Frame
Event: 0.194 loading class jdk/internal/org/objectweb/asm/Frame done


Dynamic libraries:
0x00007ff7f1120000 - 0x00007ff7f112d000 	C:\Users\My Plus\.jdks\corretto-17.0.8.1\bin\java.exe
0x00007ffad3140000 - 0x00007ffad3330000 	C:\Windows\SYSTEM32\ntdll.dll
0x00007ffad25b0000 - 0x00007ffad2662000 	C:\Windows\System32\KERNEL32.DLL
0x00007ffad0520000 - 0x00007ffad07c3000 	C:\Windows\System32\KERNELBASE.dll
0x00007ffad02f0000 - 0x00007ffad03ea000 	C:\Windows\System32\ucrtbase.dll
0x00007ffa9cd00000 - 0x00007ffa9cd15000 	C:\Users\My Plus\.jdks\corretto-17.0.8.1\bin\VCRUNTIME140.dll
0x00007ffaa2bf0000 - 0x00007ffaa2c07000 	C:\Users\My Plus\.jdks\corretto-17.0.8.1\bin\jli.dll
0x00007ffad2410000 - 0x00007ffad25a4000 	C:\Windows\System32\USER32.dll
0x00007ffabdcb0000 - 0x00007ffabdf35000 	C:\Windows\WinSxS\amd64_microsoft.windows.common-controls_6595b64144ccf1df_6.0.18362.592_none_e6c0b1911312be02\COMCTL32.dll
0x00007ffad0920000 - 0x00007ffad0941000 	C:\Windows\System32\win32u.dll
0x00007ffad11f0000 - 0x00007ffad1216000 	C:\Windows\System32\GDI32.dll
0x00007ffad0150000 - 0x00007ffad02e4000 	C:\Windows\System32\gdi32full.dll
0x00007ffad0420000 - 0x00007ffad04be000 	C:\Windows\System32\msvcp_win.dll
0x00007ffad3060000 - 0x00007ffad30fe000 	C:\Windows\System32\msvcrt.dll
0x00007ffad1df0000 - 0x00007ffad2126000 	C:\Windows\System32\combase.dll
0x00007ffad1910000 - 0x00007ffad1a30000 	C:\Windows\System32\RPCRT4.dll
0x00007ffad00d0000 - 0x00007ffad0150000 	C:\Windows\System32\bcryptPrimitives.dll
0x00007ffad1ce0000 - 0x00007ffad1d0e000 	C:\Windows\System32\IMM32.DLL
0x00007ffa7a2c0000 - 0x00007ffa7a35b000 	C:\Users\My Plus\.jdks\corretto-17.0.8.1\bin\msvcp140.dll
0x00007ffa41340000 - 0x00007ffa41f5d000 	C:\Users\My Plus\.jdks\corretto-17.0.8.1\bin\server\jvm.dll
0x00007ffad2740000 - 0x00007ffad27e3000 	C:\Windows\System32\ADVAPI32.dll
0x00007ffad2fc0000 - 0x00007ffad3057000 	C:\Windows\System32\sechost.dll
0x00007ffad0080000 - 0x00007ffad00ca000 	C:\Windows\System32\POWRPROF.dll
0x00007ffad0010000 - 0x00007ffad0020000 	C:\Windows\System32\UMPDC.dll
0x00007ffac2de0000 - 0x00007ffac2dea000 	C:\Windows\SYSTEM32\VERSION.dll
0x00007ffab55a0000 - 0x00007ffab55a9000 	C:\Windows\SYSTEM32\WSOCK32.dll
0x00007ffacdd60000 - 0x00007ffacdd84000 	C:\Windows\SYSTEM32\WINMM.dll
0x00007ffad2670000 - 0x00007ffad26df000 	C:\Windows\System32\WS2_32.dll
0x00007ffacdd30000 - 0x00007ffacdd5d000 	C:\Windows\SYSTEM32\winmmbase.dll
0x00007ffad0950000 - 0x00007ffad099a000 	C:\Windows\System32\cfgmgr32.dll
0x00007ffad0020000 - 0x00007ffad0031000 	C:\Windows\System32\kernel.appcore.dll
0x00007ffab0940000 - 0x00007ffab094a000 	C:\Users\My Plus\.jdks\corretto-17.0.8.1\bin\jimage.dll
0x00007fface920000 - 0x00007ffaceb14000 	C:\Windows\SYSTEM32\DBGHELP.DLL
0x00007ffab2bc0000 - 0x00007ffab2bea000 	C:\Windows\SYSTEM32\dbgcore.DLL
0x00007ffac40e0000 - 0x00007ffac40ee000 	C:\Users\My Plus\.jdks\corretto-17.0.8.1\bin\instrument.dll
0x00007ffa9c8e0000 - 0x00007ffa9c905000 	C:\Users\My Plus\.jdks\corretto-17.0.8.1\bin\java.dll
0x00007ffa78a00000 - 0x00007ffa78ad6000 	C:\Users\My Plus\.jdks\corretto-17.0.8.1\bin\jsvml.dll
0x00007ffad1220000 - 0x00007ffad1905000 	C:\Windows\System32\SHELL32.dll
0x00007ffad2140000 - 0x00007ffad21e9000 	C:\Windows\System32\shcore.dll
0x00007ffad0a70000 - 0x00007ffad11ef000 	C:\Windows\System32\windows.storage.dll
0x00007ffad0060000 - 0x00007ffad007f000 	C:\Windows\System32\profapi.dll
0x00007ffad1d10000 - 0x00007ffad1d62000 	C:\Windows\System32\shlwapi.dll
0x00007ffad0a50000 - 0x00007ffad0a67000 	C:\Windows\System32\cryptsp.dll

dbghelp: loaded successfully - version: 4.0.5 - missing functions: none
symbol engine: initialized successfully - sym options: 0x614 - pdb path: .;C:\Users\My Plus\.jdks\corretto-17.0.8.1\bin;C:\Windows\SYSTEM32;C:\Windows\WinSxS\amd64_microsoft.windows.common-controls_6595b64144ccf1df_6.0.18362.592_none_e6c0b1911312be02;C:\Users\My Plus\.jdks\corretto-17.0.8.1\bin\server

VM Arguments:
jvm_args: -XX:TieredStopAtLevel=1 -Dspring.output.ansi.enabled=always -Dcom.sun.management.jmxremote -Dspring.jmx.enabled=true -Dspring.liveBeansView.mbeanDomain -Dspring.application.admin.enabled=true -Dmanagement.endpoints.jmx.exposure.include=* -javaagent:C:\Program Files\JetBrains\IntelliJ IDEA 2023.1.3\lib\idea_rt.jar=7664:C:\Program Files\JetBrains\IntelliJ IDEA 2023.1.3\bin -Dfile.encoding=UTF-8 
java_command: lk.nextTravel.travelService.TravelService.TravelServiceApplication
java_class_path (initial): C:\Working directory\ongoing project\Travel-Planning-System\backend\TravelService\target\classes;C:\Users\My Plus\.m2\repository\com\fasterxml\jackson\core\jackson-databind\2.15.3\jackson-databind-2.15.3.jar;C:\Users\My Plus\.m2\repository\com\fasterxml\jackson\core\jackson-annotations\2.15.2\jackson-annotations-2.15.2.jar;C:\Users\My Plus\.m2\repository\com\fasterxml\jackson\core\jackson-core\2.15.2\jackson-core-2.15.2.jar;C:\Users\My Plus\.m2\repository\org\springframework\boot\spring-boot-starter-data-jpa\3.1.4\spring-boot-starter-data-jpa-3.1.4.jar;C:\Users\My Plus\.m2\repository\org\springframework\boot\spring-boot-starter-aop\3.1.4\spring-boot-starter-aop-3.1.4.jar;C:\Users\My Plus\.m2\repository\org\springframework\spring-aop\6.0.12\spring-aop-6.0.12.jar;C:\Users\My Plus\.m2\repository\org\aspectj\aspectjweaver\1.9.20\aspectjweaver-1.9.20.jar;C:\Users\My Plus\.m2\repository\org\springframework\boot\spring-boot-starter-jdbc\3.1.4\spring-boot-starter-jdbc-3.1.4.jar;C:\Users\My Plus\.m2\repository\com\zaxxer\HikariCP\5.0.1\HikariCP-5.0.1.jar;C:\Users\My Plus\.m2\repository\org\springframework\spring-jdbc\6.0.12\spring-jdbc-6.0.12.jar;C:\Users\My Plus\.m2\repository\org\hibernate\orm\hibernate-core\6.2.9.Final\hibernate-core-6.2.9.Final.jar;C:\Users\My Plus\.m2\repository\jakarta\persistence\jakarta.persistence-api\3.1.0\jakarta.persistence-api-3.1.0.jar;C:\Users\My Plus\.m2\repository\jakarta\transaction\jakarta.transaction-api\2.0.1\jakarta.transaction-api-2.0.1.jar;C:\Users\My Plus\.m2\repository\org\jboss\logging\jboss-logging\3.5.3.Final\jboss-logging-3.5.3.Final.jar;C:\Users\My Plus\.m2\repository\org\hibernate\common\hibernate-commons-annotations\6.0.6.Final\hibernate-commons-annotations-6.0.6.Final.jar;C:\Users\My Plus\.m2\repository\io\smallrye\jandex\3.0.5\jandex-3.0.5.jar;C:\Users\My Plus\.m2\repository\com\fasterxml\classmate\1.5.1\classmate-1.5.1.jar;C:\Users\My Plus\.m2\repository\net\bytebuddy\byte-buddy\1.14.8\byte-bud
Launcher Type: SUN_STANDARD

[Global flags]
     intx CICompilerCount                          = 3                                         {product} {ergonomic}
     uint ConcGCThreads                            = 1                                         {product} {ergonomic}
     uint G1ConcRefinementThreads                  = 4                                         {product} {ergonomic}
   size_t G1HeapRegionSize                         = 1048576                                   {product} {ergonomic}
    uintx GCDrainStackTargetSize                   = 64                                        {product} {ergonomic}
   size_t InitialHeapSize                          = 62914560                                  {product} {ergonomic}
     bool ManagementServer                         = true                                      {product} {command line}
   size_t MarkStackSize                            = 4194304                                   {product} {ergonomic}
   size_t MaxHeapSize                              = 1004535808                                {product} {ergonomic}
   size_t MaxNewSize                               = 601882624                                 {product} {ergonomic}
   size_t MinHeapDeltaBytes                        = 1048576                                   {product} {ergonomic}
   size_t MinHeapSize                              = 8388608                                   {product} {ergonomic}
    uintx NonProfiledCodeHeapSize                  = 0                                      {pd product} {ergonomic}
     bool ProfileInterpreter                       = false                                  {pd product} {command line}
    uintx ProfiledCodeHeapSize                     = 0                                      {pd product} {ergonomic}
   size_t SoftMaxHeapSize                          = 1004535808                             {manageable} {ergonomic}
     intx TieredStopAtLevel                        = 1                                         {product} {command line}
     bool UseCompressedClassPointers               = true                           {product lp64_product} {ergonomic}
     bool UseCompressedOops                        = true                           {product lp64_product} {ergonomic}
     bool UseG1GC                                  = true                                      {product} {ergonomic}
     bool UseLargePagesIndividualAllocation        = false                                  {pd product} {ergonomic}

Logging:
Log output configuration:
 #0: stdout all=warning uptime,level,tags
 #1: stderr all=off uptime,level,tags

Environment Variables:
JAVA_HOME=C:\Program Files\Java\jdk-11
CLASSPATH=C:\Program Files\Apache Software Foundation\Tomcat 8.5\lib
PATH=C:\Program Files\Java\jdk-11\bin;C:\Program Files\Common Files\Oracle\Java\javapath;C:\Program Files (x86)\Common Files\Oracle\Java\javapath;C:\Windows\system32;C:\Windows;C:\Windows\System32\Wbem;C:\Windows\System32\WindowsPowerShell\v1.0\;C:\Windows\System32\OpenSSH\;C:\Program Files\Git\cmd;C:\Program Files\Java\jdk-11\bin\server;C:\Program Files\Apache Software Foundation\Tomcat 10.1\bin;C:\ProgramData\chocolatey\bin;C:\Program Files\PuTTY\;"C:\Program Files\Java\jdk-11\bin;C:\Program Files\Common Files\Oracle\Java\javapath;C:\Program Files (x86)\Common Files\Oracle\Java\javapath;C:\Windows\system32;C:\Windows;C:\Windows\System32\Wbem;C:\Windows\System32\WindowsPowerShell\v1.0\;C:\Windows\System32\OpenSSH\;C:\Program Files\Git\cmd;C:\Program Files\Java\jdk-11\bin\server;C:\Program Files\Apache Software Foundation\Tomcat 10.1\bin;C:\ProgramData\chocolatey\bin;C:\Program Files\PuTTY\;"C:\Program Files\Java\jdk-11\bin;C:\Program Files\Common Files\Oracle\Java\javapath;C:\Program Files (x86)\Common Files\Oracle\Java\javapath;C:\Windows\system32;C:\Windows;C:\Windows\System32\Wbem;C:\Windows\System32\WindowsPowerShell\v1.0\;C:\Windows\System32\OpenSSH\;C:\Program Files\Git\cmd;C:\Program Files\Java\jdk-11\bin\server;C:\Program Files\Apache Software Foundation\Tomcat 10.1\bin;C:\ProgramData\chocolatey\bin;C:\Program Files\PuTTY\;"C:\Windows\System32;C:\Program Files\Java\jdk-11\bin;C:\Program Files\Apache Software Foundation\Tomcat 8.5\bin;C:\Program Files\Apache Software Foundation\Tomcat 8.5\lib\servlet-api.jar";C:\Program Files\MySQL\MySQL Server 5.5\bin;C:\Program Files\mongosh-1.10.6-win32-x64\mongosh-1.10.6-win32-x64\bin;;C:\Program Files\Java\jdk-11\bin;C:\Program Files\Apache Software Foundation\Tomcat 8.5\bin;C:\Program Files\Apache Software Foundation\Tomcat 8.5\lib\servlet-api.jar";C:\Program Files\MySQL\MySQL Server 5.5\bin;C:\Program Files\mongosh-1.10.6-win32-x64\mongosh-1.10.6-win32-x64\bin;;C:\Program Files\Java\jdk-11\bin;C:\Program Files\Apache Sof
USERNAME=My Plus
OS=Windows_NT
PROCESSOR_IDENTIFIER=Intel64 Family 6 Model 140 Stepping 1, GenuineIntel
TMP=C:\Users\MYPLUS~1\AppData\Local\Temp
TEMP=C:\Users\MYPLUS~1\AppData\Local\Temp



---------------  S Y S T E M  ---------------

OS:
 Windows 10 , 64 bit Build 18362 (10.0.18362.329)
OS uptime: 9 days 21:40 hours

CPU: total 4 (initial active 4) (2 cores per cpu, 2 threads per core) family 6 model 140 stepping 1 microcode 0xa4, cx8, cmov, fxsr, ht, mmx, 3dnowpref, sse, sse2, sse3, ssse3, sse4.1, sse4.2, popcnt, lzcnt, tsc, tscinvbit, avx, avx2, aes, erms, clmul, bmi1, bmi2, adx, avx512f, avx512dq, avx512cd, avx512bw, avx512vl, sha, fma, vzeroupper, avx512_vpopcntdq, avx512_vpclmulqdq, avx512_vaes, avx512_vnni, clflush, clflushopt, clwb, avx512_vbmi2, avx512_vbmi
Processor Information for all 4 processors :
  Max Mhz: 2995, Current Mhz: 2995, Mhz Limit: 2995

Memory: 4k page, system-wide physical 3830M (123M free)
TotalPageFile size 15606M (AvailPageFile size 0M)
current process WorkingSet (physical memory assigned to process): 24M, peak: 24M
current process commit charge ("private bytes"): 118M, peak: 121M

vm_info: OpenJDK 64-Bit Server VM (17.0.8.1+8-LTS) for windows-amd64 JRE (17.0.8.1+8-LTS), built on Aug 19 2023 03:47:39 by "Administrator" with MS VC++ 15.9 (VS2017)

END.
